<?xml version="1.0" encoding="UTF-8"?>
<testng-results skipped="0" failed="2" ignored="0" total="15" passed="13">
  <reporter-output>
  </reporter-output>
  <suite name="Suite" duration-ms="14320" started-at="2019-04-09T11:00:09Z" finished-at="2019-04-09T11:00:23Z">
    <groups>
    </groups>
    <test name="Test" duration-ms="14320" started-at="2019-04-09T11:00:09Z" finished-at="2019-04-09T11:00:23Z">
      <class name="com.qa.tests.APITest">
        <test-method status="PASS" signature="setupAPI()[pri:0, instance:com.qa.tests.APITest@1e9e725a]" name="setupAPI" is-config="true" duration-ms="49" started-at="2019-04-09T11:00:10Z" finished-at="2019-04-09T11:00:10Z">
          <reporter-output>
          </reporter-output>
        </test-method> <!-- setupAPI -->
        <test-method status="PASS" signature="test(java.lang.String, java.lang.String, int)[pri:0, instance:com.qa.tests.APITest@1e9e725a]" name="test" duration-ms="1064" started-at="2019-04-09T11:00:10Z" data-provider="APITestData" finished-at="2019-04-09T11:00:11Z">
          <params>
            <param index="0">
              <value>
                <![CDATA[GET]]>
              </value>
            </param>
            <param index="1">
              <value>
                <![CDATA[/api/users?page=2]]>
              </value>
            </param>
            <param index="2">
              <value>
                <![CDATA[200]]>
              </value>
            </param>
          </params>
          <reporter-output>
          </reporter-output>
        </test-method> <!-- test -->
        <test-method status="PASS" signature="setupAPI()[pri:0, instance:com.qa.tests.APITest@1e9e725a]" name="setupAPI" is-config="true" duration-ms="31" started-at="2019-04-09T11:00:11Z" finished-at="2019-04-09T11:00:11Z">
          <reporter-output>
          </reporter-output>
        </test-method> <!-- setupAPI -->
        <test-method status="PASS" signature="test(java.lang.String, java.lang.String, int)[pri:0, instance:com.qa.tests.APITest@1e9e725a]" name="test" duration-ms="655" started-at="2019-04-09T11:00:11Z" data-provider="APITestData" finished-at="2019-04-09T11:00:12Z">
          <params>
            <param index="0">
              <value>
                <![CDATA[GET]]>
              </value>
            </param>
            <param index="1">
              <value>
                <![CDATA[/api/users/2]]>
              </value>
            </param>
            <param index="2">
              <value>
                <![CDATA[200]]>
              </value>
            </param>
          </params>
          <reporter-output>
          </reporter-output>
        </test-method> <!-- test -->
        <test-method status="PASS" signature="setupAPI()[pri:0, instance:com.qa.tests.APITest@1e9e725a]" name="setupAPI" is-config="true" duration-ms="27" started-at="2019-04-09T11:00:12Z" finished-at="2019-04-09T11:00:12Z">
          <reporter-output>
          </reporter-output>
        </test-method> <!-- setupAPI -->
        <test-method status="PASS" signature="test(java.lang.String, java.lang.String, int)[pri:0, instance:com.qa.tests.APITest@1e9e725a]" name="test" duration-ms="658" started-at="2019-04-09T11:00:12Z" data-provider="APITestData" finished-at="2019-04-09T11:00:12Z">
          <params>
            <param index="0">
              <value>
                <![CDATA[GET]]>
              </value>
            </param>
            <param index="1">
              <value>
                <![CDATA[/api/users/23]]>
              </value>
            </param>
            <param index="2">
              <value>
                <![CDATA[404]]>
              </value>
            </param>
          </params>
          <reporter-output>
          </reporter-output>
        </test-method> <!-- test -->
        <test-method status="PASS" signature="setupAPI()[pri:0, instance:com.qa.tests.APITest@1e9e725a]" name="setupAPI" is-config="true" duration-ms="23" started-at="2019-04-09T11:00:12Z" finished-at="2019-04-09T11:00:12Z">
          <reporter-output>
          </reporter-output>
        </test-method> <!-- setupAPI -->
        <test-method status="PASS" signature="test(java.lang.String, java.lang.String, int)[pri:0, instance:com.qa.tests.APITest@1e9e725a]" name="test" duration-ms="658" started-at="2019-04-09T11:00:12Z" data-provider="APITestData" finished-at="2019-04-09T11:00:13Z">
          <params>
            <param index="0">
              <value>
                <![CDATA[GET]]>
              </value>
            </param>
            <param index="1">
              <value>
                <![CDATA[/api/unknown]]>
              </value>
            </param>
            <param index="2">
              <value>
                <![CDATA[200]]>
              </value>
            </param>
          </params>
          <reporter-output>
          </reporter-output>
        </test-method> <!-- test -->
        <test-method status="PASS" signature="setupAPI()[pri:0, instance:com.qa.tests.APITest@1e9e725a]" name="setupAPI" is-config="true" duration-ms="23" started-at="2019-04-09T11:00:13Z" finished-at="2019-04-09T11:00:13Z">
          <reporter-output>
          </reporter-output>
        </test-method> <!-- setupAPI -->
        <test-method status="PASS" signature="test(java.lang.String, java.lang.String, int)[pri:0, instance:com.qa.tests.APITest@1e9e725a]" name="test" duration-ms="625" started-at="2019-04-09T11:00:13Z" data-provider="APITestData" finished-at="2019-04-09T11:00:14Z">
          <params>
            <param index="0">
              <value>
                <![CDATA[GET]]>
              </value>
            </param>
            <param index="1">
              <value>
                <![CDATA[/api/unknown/2]]>
              </value>
            </param>
            <param index="2">
              <value>
                <![CDATA[200]]>
              </value>
            </param>
          </params>
          <reporter-output>
          </reporter-output>
        </test-method> <!-- test -->
        <test-method status="PASS" signature="setupAPI()[pri:0, instance:com.qa.tests.APITest@1e9e725a]" name="setupAPI" is-config="true" duration-ms="19" started-at="2019-04-09T11:00:14Z" finished-at="2019-04-09T11:00:14Z">
          <reporter-output>
          </reporter-output>
        </test-method> <!-- setupAPI -->
        <test-method status="PASS" signature="test(java.lang.String, java.lang.String, int)[pri:0, instance:com.qa.tests.APITest@1e9e725a]" name="test" duration-ms="653" started-at="2019-04-09T11:00:14Z" data-provider="APITestData" finished-at="2019-04-09T11:00:15Z">
          <params>
            <param index="0">
              <value>
                <![CDATA[GET]]>
              </value>
            </param>
            <param index="1">
              <value>
                <![CDATA[/api/unknown/23]]>
              </value>
            </param>
            <param index="2">
              <value>
                <![CDATA[404]]>
              </value>
            </param>
          </params>
          <reporter-output>
          </reporter-output>
        </test-method> <!-- test -->
        <test-method status="PASS" signature="setupAPI()[pri:0, instance:com.qa.tests.APITest@1e9e725a]" name="setupAPI" is-config="true" duration-ms="37" started-at="2019-04-09T11:00:15Z" finished-at="2019-04-09T11:00:15Z">
          <reporter-output>
          </reporter-output>
        </test-method> <!-- setupAPI -->
        <test-method status="PASS" signature="test(java.lang.String, java.lang.String, int)[pri:0, instance:com.qa.tests.APITest@1e9e725a]" name="test" duration-ms="646" started-at="2019-04-09T11:00:15Z" data-provider="APITestData" finished-at="2019-04-09T11:00:15Z">
          <params>
            <param index="0">
              <value>
                <![CDATA[POST]]>
              </value>
            </param>
            <param index="1">
              <value>
                <![CDATA[/api/users]]>
              </value>
            </param>
            <param index="2">
              <value>
                <![CDATA[201]]>
              </value>
            </param>
          </params>
          <reporter-output>
          </reporter-output>
        </test-method> <!-- test -->
        <test-method status="PASS" signature="setupAPI()[pri:0, instance:com.qa.tests.APITest@1e9e725a]" name="setupAPI" is-config="true" duration-ms="16" started-at="2019-04-09T11:00:15Z" finished-at="2019-04-09T11:00:15Z">
          <reporter-output>
          </reporter-output>
        </test-method> <!-- setupAPI -->
        <test-method status="PASS" signature="test(java.lang.String, java.lang.String, int)[pri:0, instance:com.qa.tests.APITest@1e9e725a]" name="test" duration-ms="647" started-at="2019-04-09T11:00:15Z" data-provider="APITestData" finished-at="2019-04-09T11:00:16Z">
          <params>
            <param index="0">
              <value>
                <![CDATA[PUT]]>
              </value>
            </param>
            <param index="1">
              <value>
                <![CDATA[/api/users/2]]>
              </value>
            </param>
            <param index="2">
              <value>
                <![CDATA[200]]>
              </value>
            </param>
          </params>
          <reporter-output>
          </reporter-output>
        </test-method> <!-- test -->
        <test-method status="PASS" signature="setupAPI()[pri:0, instance:com.qa.tests.APITest@1e9e725a]" name="setupAPI" is-config="true" duration-ms="14" started-at="2019-04-09T11:00:16Z" finished-at="2019-04-09T11:00:16Z">
          <reporter-output>
          </reporter-output>
        </test-method> <!-- setupAPI -->
        <test-method status="PASS" signature="test(java.lang.String, java.lang.String, int)[pri:0, instance:com.qa.tests.APITest@1e9e725a]" name="test" duration-ms="619" started-at="2019-04-09T11:00:16Z" data-provider="APITestData" finished-at="2019-04-09T11:00:17Z">
          <params>
            <param index="0">
              <value>
                <![CDATA[PATCH]]>
              </value>
            </param>
            <param index="1">
              <value>
                <![CDATA[/api/users/2]]>
              </value>
            </param>
            <param index="2">
              <value>
                <![CDATA[200]]>
              </value>
            </param>
          </params>
          <reporter-output>
          </reporter-output>
        </test-method> <!-- test -->
        <test-method status="PASS" signature="setupAPI()[pri:0, instance:com.qa.tests.APITest@1e9e725a]" name="setupAPI" is-config="true" duration-ms="12" started-at="2019-04-09T11:00:17Z" finished-at="2019-04-09T11:00:17Z">
          <reporter-output>
          </reporter-output>
        </test-method> <!-- setupAPI -->
        <test-method status="PASS" signature="test(java.lang.String, java.lang.String, int)[pri:0, instance:com.qa.tests.APITest@1e9e725a]" name="test" duration-ms="626" started-at="2019-04-09T11:00:17Z" data-provider="APITestData" finished-at="2019-04-09T11:00:17Z">
          <params>
            <param index="0">
              <value>
                <![CDATA[DELETE]]>
              </value>
            </param>
            <param index="1">
              <value>
                <![CDATA[/api/users/2]]>
              </value>
            </param>
            <param index="2">
              <value>
                <![CDATA[204]]>
              </value>
            </param>
          </params>
          <reporter-output>
          </reporter-output>
        </test-method> <!-- test -->
        <test-method status="PASS" signature="setupAPI()[pri:0, instance:com.qa.tests.APITest@1e9e725a]" name="setupAPI" is-config="true" duration-ms="14" started-at="2019-04-09T11:00:17Z" finished-at="2019-04-09T11:00:17Z">
          <reporter-output>
          </reporter-output>
        </test-method> <!-- setupAPI -->
        <test-method status="FAIL" signature="test(java.lang.String, java.lang.String, int)[pri:0, instance:com.qa.tests.APITest@1e9e725a]" name="test" duration-ms="482" started-at="2019-04-09T11:00:17Z" data-provider="APITestData" finished-at="2019-04-09T11:00:18Z">
          <params>
            <param index="0">
              <value>
                <![CDATA[POST]]>
              </value>
            </param>
            <param index="1">
              <value>
                <![CDATA[/api/register]]>
              </value>
            </param>
            <param index="2">
              <value>
                <![CDATA[201]]>
              </value>
            </param>
          </params>
          <exception class="java.lang.AssertionError">
            <message>
              <![CDATA[expected [201] but found [400]]]>
            </message>
            <full-stacktrace>
              <![CDATA[java.lang.AssertionError: expected [201] but found [400]
at org.testng.Assert.fail(Assert.java:96)
at org.testng.Assert.failNotEquals(Assert.java:776)
at org.testng.Assert.assertEqualsImpl(Assert.java:137)
at org.testng.Assert.assertEquals(Assert.java:118)
at org.testng.Assert.assertEquals(Assert.java:652)
at org.testng.Assert.assertEquals(Assert.java:662)
at com.qa.tests.APITest.test(APITest.java:56)
at sun.reflect.NativeMethodAccessorImpl.invoke0(Native Method)
at sun.reflect.NativeMethodAccessorImpl.invoke(NativeMethodAccessorImpl.java:62)
at sun.reflect.DelegatingMethodAccessorImpl.invoke(DelegatingMethodAccessorImpl.java:43)
at java.lang.reflect.Method.invoke(Method.java:498)
at org.testng.internal.MethodInvocationHelper.invokeMethod(MethodInvocationHelper.java:124)
at org.testng.internal.Invoker.invokeMethod(Invoker.java:583)
at org.testng.internal.Invoker.invokeTestMethod(Invoker.java:719)
at org.testng.internal.Invoker.invokeTestMethods(Invoker.java:989)
at org.testng.internal.TestMethodWorker.invokeTestMethods(TestMethodWorker.java:125)
at org.testng.internal.TestMethodWorker.run(TestMethodWorker.java:109)
at org.testng.TestRunner.privateRun(TestRunner.java:648)
at org.testng.TestRunner.run(TestRunner.java:505)
at org.testng.SuiteRunner.runTest(SuiteRunner.java:455)
at org.testng.SuiteRunner.runSequentially(SuiteRunner.java:450)
at org.testng.SuiteRunner.privateRun(SuiteRunner.java:415)
at org.testng.SuiteRunner.run(SuiteRunner.java:364)
at org.testng.SuiteRunnerWorker.runSuite(SuiteRunnerWorker.java:52)
at org.testng.SuiteRunnerWorker.run(SuiteRunnerWorker.java:84)
at org.testng.TestNG.runSuitesSequentially(TestNG.java:1208)
at org.testng.TestNG.runSuitesLocally(TestNG.java:1137)
at org.testng.TestNG.runSuites(TestNG.java:1049)
at org.testng.TestNG.run(TestNG.java:1017)
at org.testng.remote.AbstractRemoteTestNG.run(AbstractRemoteTestNG.java:115)
at org.testng.remote.RemoteTestNG.initAndRun(RemoteTestNG.java:251)
at org.testng.remote.RemoteTestNG.main(RemoteTestNG.java:77)
]]>
            </full-stacktrace>
          </exception> <!-- java.lang.AssertionError -->
          <reporter-output>
          </reporter-output>
        </test-method> <!-- test -->
        <test-method status="PASS" signature="setupAPI()[pri:0, instance:com.qa.tests.APITest@1e9e725a]" name="setupAPI" is-config="true" duration-ms="13" started-at="2019-04-09T11:00:18Z" finished-at="2019-04-09T11:00:18Z">
          <reporter-output>
          </reporter-output>
        </test-method> <!-- setupAPI -->
        <test-method status="PASS" signature="test(java.lang.String, java.lang.String, int)[pri:0, instance:com.qa.tests.APITest@1e9e725a]" name="test" duration-ms="646" started-at="2019-04-09T11:00:18Z" data-provider="APITestData" finished-at="2019-04-09T11:00:19Z">
          <params>
            <param index="0">
              <value>
                <![CDATA[POST]]>
              </value>
            </param>
            <param index="1">
              <value>
                <![CDATA[/api/register]]>
              </value>
            </param>
            <param index="2">
              <value>
                <![CDATA[400]]>
              </value>
            </param>
          </params>
          <reporter-output>
          </reporter-output>
        </test-method> <!-- test -->
        <test-method status="PASS" signature="setupAPI()[pri:0, instance:com.qa.tests.APITest@1e9e725a]" name="setupAPI" is-config="true" duration-ms="15" started-at="2019-04-09T11:00:19Z" finished-at="2019-04-09T11:00:19Z">
          <reporter-output>
          </reporter-output>
        </test-method> <!-- setupAPI -->
        <test-method status="FAIL" signature="test(java.lang.String, java.lang.String, int)[pri:0, instance:com.qa.tests.APITest@1e9e725a]" name="test" duration-ms="476" started-at="2019-04-09T11:00:19Z" data-provider="APITestData" finished-at="2019-04-09T11:00:19Z">
          <params>
            <param index="0">
              <value>
                <![CDATA[POST]]>
              </value>
            </param>
            <param index="1">
              <value>
                <![CDATA[/api/login]]>
              </value>
            </param>
            <param index="2">
              <value>
                <![CDATA[200]]>
              </value>
            </param>
          </params>
          <exception class="java.lang.AssertionError">
            <message>
              <![CDATA[expected [200] but found [400]]]>
            </message>
            <full-stacktrace>
              <![CDATA[java.lang.AssertionError: expected [200] but found [400]
at org.testng.Assert.fail(Assert.java:96)
at org.testng.Assert.failNotEquals(Assert.java:776)
at org.testng.Assert.assertEqualsImpl(Assert.java:137)
at org.testng.Assert.assertEquals(Assert.java:118)
at org.testng.Assert.assertEquals(Assert.java:652)
at org.testng.Assert.assertEquals(Assert.java:662)
at com.qa.tests.APITest.test(APITest.java:56)
at sun.reflect.NativeMethodAccessorImpl.invoke0(Native Method)
at sun.reflect.NativeMethodAccessorImpl.invoke(NativeMethodAccessorImpl.java:62)
at sun.reflect.DelegatingMethodAccessorImpl.invoke(DelegatingMethodAccessorImpl.java:43)
at java.lang.reflect.Method.invoke(Method.java:498)
at org.testng.internal.MethodInvocationHelper.invokeMethod(MethodInvocationHelper.java:124)
at org.testng.internal.Invoker.invokeMethod(Invoker.java:583)
at org.testng.internal.Invoker.invokeTestMethod(Invoker.java:719)
at org.testng.internal.Invoker.invokeTestMethods(Invoker.java:989)
at org.testng.internal.TestMethodWorker.invokeTestMethods(TestMethodWorker.java:125)
at org.testng.internal.TestMethodWorker.run(TestMethodWorker.java:109)
at org.testng.TestRunner.privateRun(TestRunner.java:648)
at org.testng.TestRunner.run(TestRunner.java:505)
at org.testng.SuiteRunner.runTest(SuiteRunner.java:455)
at org.testng.SuiteRunner.runSequentially(SuiteRunner.java:450)
at org.testng.SuiteRunner.privateRun(SuiteRunner.java:415)
at org.testng.SuiteRunner.run(SuiteRunner.java:364)
at org.testng.SuiteRunnerWorker.runSuite(SuiteRunnerWorker.java:52)
at org.testng.SuiteRunnerWorker.run(SuiteRunnerWorker.java:84)
at org.testng.TestNG.runSuitesSequentially(TestNG.java:1208)
at org.testng.TestNG.runSuitesLocally(TestNG.java:1137)
at org.testng.TestNG.runSuites(TestNG.java:1049)
at org.testng.TestNG.run(TestNG.java:1017)
at org.testng.remote.AbstractRemoteTestNG.run(AbstractRemoteTestNG.java:115)
at org.testng.remote.RemoteTestNG.initAndRun(RemoteTestNG.java:251)
at org.testng.remote.RemoteTestNG.main(RemoteTestNG.java:77)
]]>
            </full-stacktrace>
          </exception> <!-- java.lang.AssertionError -->
          <reporter-output>
          </reporter-output>
        </test-method> <!-- test -->
        <test-method status="PASS" signature="setupAPI()[pri:0, instance:com.qa.tests.APITest@1e9e725a]" name="setupAPI" is-config="true" duration-ms="19" started-at="2019-04-09T11:00:19Z" finished-at="2019-04-09T11:00:19Z">
          <reporter-output>
          </reporter-output>
        </test-method> <!-- setupAPI -->
        <test-method status="PASS" signature="test(java.lang.String, java.lang.String, int)[pri:0, instance:com.qa.tests.APITest@1e9e725a]" name="test" duration-ms="452" started-at="2019-04-09T11:00:19Z" data-provider="APITestData" finished-at="2019-04-09T11:00:20Z">
          <params>
            <param index="0">
              <value>
                <![CDATA[POST]]>
              </value>
            </param>
            <param index="1">
              <value>
                <![CDATA[/api/login]]>
              </value>
            </param>
            <param index="2">
              <value>
                <![CDATA[400]]>
              </value>
            </param>
          </params>
          <reporter-output>
          </reporter-output>
        </test-method> <!-- test -->
        <test-method status="PASS" signature="setupAPI()[pri:0, instance:com.qa.tests.APITest@1e9e725a]" name="setupAPI" is-config="true" duration-ms="16" started-at="2019-04-09T11:00:20Z" finished-at="2019-04-09T11:00:20Z">
          <reporter-output>
          </reporter-output>
        </test-method> <!-- setupAPI -->
        <test-method status="PASS" signature="test(java.lang.String, java.lang.String, int)[pri:0, instance:com.qa.tests.APITest@1e9e725a]" name="test" duration-ms="3621" started-at="2019-04-09T11:00:20Z" data-provider="APITestData" finished-at="2019-04-09T11:00:23Z">
          <params>
            <param index="0">
              <value>
                <![CDATA[GET]]>
              </value>
            </param>
            <param index="1">
              <value>
                <![CDATA[/api/users?delay=3]]>
              </value>
            </param>
            <param index="2">
              <value>
                <![CDATA[200]]>
              </value>
            </param>
          </params>
          <reporter-output>
          </reporter-output>
        </test-method> <!-- test -->
      </class> <!-- com.qa.tests.APITest -->
    </test> <!-- Test -->
  </suite> <!-- Suite -->
</testng-results>
